<?xml version="1.0" encoding="UTF-8"?>
<robot generator="Robot 4.1.3 (Python 3.10.2 on darwin)" generated="20220826 15:51:48.722" rpa="false" schemaversion="2">
<suite id="s1" name="T Login" source="/Users/ahmedafifi/PycharmProjects/pythonProject1/Tests/T_Login.robot">
<test id="s1-t1" name="Login">
<kw name="Open App" library="P_Common" type="SETUP">
<kw name="Open Application" library="AppiumLibrary">
<arg>http://localhost:4723/wd/hub</arg>
<arg>platformVersion = 15.5</arg>
<arg>deviceName=iPhone 13 Pro Max</arg>
<arg>udid=39084A51-AF7E-4A10-B8BC-2FD275F345DB</arg>
<arg>automationName=XCUITest</arg>
<arg>app=/Users/ahmedafifi/Documents/Klivvr/Klivvr3/Klivvr QA.app</arg>
<arg>bundleId=com.klivvr.consumer.dev</arg>
<arg>appActivity=com.klivvr.consumer.app.ui.MainActivity</arg>
<arg>appWaitPackage=com.klivvr.consumer.qa</arg>
<arg>platformName=iOS</arg>
<doc>Opens a new application to given Appium server.
Capabilities of appium server, Android and iOS,
Please check https://github.com/appium/appium/blob/master/docs/en/writing-running-appium/server-args.md
| *Option*            | *Man.* | *Description*     |
| remote_url          | Yes    | Appium server url |
| alias               | no     | alias             |</doc>
<kw name="Capture Page Screenshot" library="AppiumLibrary">
<doc>Takes a screenshot of the current page and embeds it into the log.</doc>
<msg timestamp="20220826 15:56:39.455" level="FAIL">No application is open</msg>
<status status="FAIL" starttime="20220826 15:56:39.433" endtime="20220826 15:56:39.455"/>
</kw>
<msg timestamp="20220826 15:56:39.460" level="WARN">Keyword 'Capture Page Screenshot' could not be run on failure: No application is open</msg>
<msg timestamp="20220826 15:56:39.470" level="FAIL">WebDriverException: Message: An unknown server-side error occurred while processing the command. Original error: Unable to start WebDriverAgent session because of xcodebuild failure: An unknown server-side error occurred while processing the command. Original error: Could not proxy command to the remote server. Original error: connect ECONNREFUSED 127.0.0.1:8100
</msg>
<status status="FAIL" starttime="20220826 15:51:49.074" endtime="20220826 15:56:39.471"/>
</kw>
<status status="FAIL" starttime="20220826 15:51:49.074" endtime="20220826 15:56:39.473"/>
</kw>
<status status="FAIL" starttime="20220826 15:51:49.073" endtime="20220826 15:56:39.476">Setup failed:
WebDriverException: Message: An unknown server-side error occurred while processing the command. Original error: Unable to start WebDriverAgent session because of xcodebuild failure: An unknown server-side error occurred while processing the command. Original error: Could not proxy command to the remote server. Original error: connect ECONNREFUSED 127.0.0.1:8100
</status>
</test>
<status status="FAIL" starttime="20220826 15:51:48.724" endtime="20220826 15:56:39.480"/>
</suite>
<statistics>
<total>
<stat pass="0" fail="1" skip="0">All Tests</stat>
</total>
<tag>
</tag>
<suite>
<stat pass="0" fail="1" skip="0" id="s1" name="T Login">T Login</stat>
</suite>
</statistics>
<errors>
<msg timestamp="20220826 15:56:39.460" level="WARN">Keyword 'Capture Page Screenshot' could not be run on failure: No application is open</msg>
</errors>
</robot>
